0 info it worked if it ends with ok
1 verbose cli [ 'node', '/usr/local/bin/npm', 'install', 'circlebars' ]
2 info using npm@3.10.7
3 info using node@v0.10.25
4 verbose node symlink /usr/bin/node
5 silly loadCurrentTree Starting
6 silly install loadCurrentTree
7 silly install readLocalPackageData
8 silly fetchPackageMetaData circlebars
9 silly fetchNamedPackageData circlebars
10 silly mapToRegistry name circlebars
11 silly mapToRegistry using default registry
12 silly mapToRegistry registry https://registry.npmjs.org/
13 silly mapToRegistry data { raw: 'circlebars',
13 silly mapToRegistry   scope: null,
13 silly mapToRegistry   escapedName: 'circlebars',
13 silly mapToRegistry   name: 'circlebars',
13 silly mapToRegistry   rawSpec: '',
13 silly mapToRegistry   spec: 'latest',
13 silly mapToRegistry   type: 'tag' }
14 silly mapToRegistry uri https://registry.npmjs.org/circlebars
15 verbose request uri https://registry.npmjs.org/circlebars
16 verbose request no auth needed
17 info attempt registry request try #1 at 14:04:24
18 verbose request using bearer token for auth
19 verbose request id 74abbf014d4026f6
20 http request GET https://registry.npmjs.org/circlebars
21 http 200 https://registry.npmjs.org/circlebars
22 verbose headers { server: 'CouchDB/1.5.0 (Erlang OTP/R16B03)',
22 verbose headers   etag: '"DR9ERUGR970N2BAH5E9JT3V56"',
22 verbose headers   'content-type': 'application/json',
22 verbose headers   'content-encoding': 'gzip',
22 verbose headers   'cache-control': 'max-age=300',
22 verbose headers   'transfer-encoding': 'chunked',
22 verbose headers   'accept-ranges': 'bytes',
22 verbose headers   date: 'Sat, 17 Sep 2016 08:34:25 GMT',
22 verbose headers   via: '1.1 varnish',
22 verbose headers   connection: 'keep-alive',
22 verbose headers   'x-served-by': 'cache-lhr6320-LHR',
22 verbose headers   'x-cache': 'MISS',
22 verbose headers   'x-cache-hits': '0',
22 verbose headers   'x-timer': 'S1474101265.314494,VS0,VE178',
22 verbose headers   vary: 'Accept-Encoding' }
23 silly get cb [ 200,
23 silly get   { server: 'CouchDB/1.5.0 (Erlang OTP/R16B03)',
23 silly get     etag: '"DR9ERUGR970N2BAH5E9JT3V56"',
23 silly get     'content-type': 'application/json',
23 silly get     'content-encoding': 'gzip',
23 silly get     'cache-control': 'max-age=300',
23 silly get     'transfer-encoding': 'chunked',
23 silly get     'accept-ranges': 'bytes',
23 silly get     date: 'Sat, 17 Sep 2016 08:34:25 GMT',
23 silly get     via: '1.1 varnish',
23 silly get     connection: 'keep-alive',
23 silly get     'x-served-by': 'cache-lhr6320-LHR',
23 silly get     'x-cache': 'MISS',
23 silly get     'x-cache-hits': '0',
23 silly get     'x-timer': 'S1474101265.314494,VS0,VE178',
23 silly get     vary: 'Accept-Encoding' } ]
24 verbose get saving circlebars to /home/adi/.npm/registry.npmjs.org/circlebars/.cache.json
25 verbose correctMkdir /home/adi/.npm correctMkdir not in flight; initializing
26 silly install normalizeTree
27 silly loadCurrentTree Finishing
28 silly loadIdealTree Starting
29 silly install loadIdealTree
30 silly cloneCurrentTree Starting
31 silly install cloneCurrentTreeToIdealTree
32 silly cloneCurrentTree Finishing
33 silly loadShrinkwrap Starting
34 silly install loadShrinkwrap
35 silly loadShrinkwrap Finishing
36 silly loadAllDepsIntoIdealTree Starting
37 silly install loadAllDepsIntoIdealTree
38 silly rollbackFailedOptional Starting
39 silly rollbackFailedOptional Finishing
40 silly runTopLevelLifecycles Finishing
41 silly install printInstalled
42 verbose stack Error: Refusing to install circlebars as a dependency of itself
42 verbose stack     at checkSelf (/usr/local/lib/node_modules/npm/lib/install/validate-args.js:53:14)
42 verbose stack     at Array.0 (/usr/local/lib/node_modules/npm/node_modules/slide/lib/bind-actor.js:15:8)
42 verbose stack     at LOOP (/usr/local/lib/node_modules/npm/node_modules/slide/lib/chain.js:15:14)
42 verbose stack     at chain (/usr/local/lib/node_modules/npm/node_modules/slide/lib/chain.js:20:5)
42 verbose stack     at /usr/local/lib/node_modules/npm/lib/install/validate-args.js:16:5
42 verbose stack     at /usr/local/lib/node_modules/npm/node_modules/slide/lib/async-map.js:52:35
42 verbose stack     at Array.forEach (native)
42 verbose stack     at /usr/local/lib/node_modules/npm/node_modules/slide/lib/async-map.js:52:11
42 verbose stack     at Array.forEach (native)
42 verbose stack     at asyncMap (/usr/local/lib/node_modules/npm/node_modules/slide/lib/async-map.js:51:8)
43 verbose cwd /media/adi/Coding/git/circlebars
44 error Linux 4.4.0-36-generic
45 error argv "node" "/usr/local/bin/npm" "install" "circlebars"
46 error node v0.10.25
47 error npm  v3.10.7
48 error code ENOSELF
49 error Refusing to install circlebars as a dependency of itself
50 error If you need help, you may report this error at:
50 error     <https://github.com/npm/npm/issues>
51 verbose exit [ 1, true ]
